<?xml version="1.0" encoding="UTF-8"?>
<!-- Generated by org.testng.reporters.JUnitReportReporter -->
<testsuite skipped="0" hostname="DESKTOP-CEGNB58" name="TestRunner" tests="3" failures="0" timestamp="2022-04-24T12:18:05 EDT" time="16.365" errors="0">
  <testcase name="runScenario" time="4.590" classname="TestRunner"/>
  <system-out/>
  <testcase name="runScenario" time="6.457" classname="TestRunner"/>
  <system-out/>
  <testcase name="runScenario" time="5.318" classname="TestRunner"/>
  <system-out/>
</testsuite> <!-- TestRunner -->
